2020-04-08 20:59:52.943  INFO 6964 --- [restartedMain] c.u.assignment.UxpAssignmentApplication  : Starting UxpAssignmentApplication on P3BLAP-JRLWPV2 with PID 6964 (C:\Users\suraj.kumar.awasthi\git\upx\uxpAssignment\target\classes started by suraj.kumar.awasthi in C:\Users\suraj.kumar.awasthi\git\upx\uxpAssignment)
2020-04-08 20:59:52.944  INFO 6964 --- [restartedMain] c.u.assignment.UxpAssignmentApplication  : No active profile set, falling back to default profiles: default
2020-04-08 20:59:53.628  INFO 6964 --- [restartedMain] .s.d.r.c.RepositoryConfigurationDelegate : Bootstrapping Spring Data JPA repositories in DEFAULT mode.
2020-04-08 20:59:53.665  INFO 6964 --- [restartedMain] .s.d.r.c.RepositoryConfigurationDelegate : Finished Spring Data repository scanning in 36ms. Found 4 JPA repository interfaces.
2020-04-08 20:59:53.759  INFO 6964 --- [restartedMain] trationDelegate$BeanPostProcessorChecker : Bean 'org.springframework.security.config.annotation.configuration.ObjectPostProcessorConfiguration' of type [org.springframework.security.config.annotation.configuration.ObjectPostProcessorConfiguration] is not eligible for getting processed by all BeanPostProcessors (for example: not eligible for auto-proxying)
2020-04-08 20:59:53.761  INFO 6964 --- [restartedMain] trationDelegate$BeanPostProcessorChecker : Bean 'objectPostProcessor' of type [org.springframework.security.config.annotation.configuration.AutowireBeanFactoryObjectPostProcessor] is not eligible for getting processed by all BeanPostProcessors (for example: not eligible for auto-proxying)
2020-04-08 20:59:53.761  INFO 6964 --- [restartedMain] trationDelegate$BeanPostProcessorChecker : Bean 'org.springframework.security.access.expression.method.DefaultMethodSecurityExpressionHandler@6ec0f750' of type [org.springframework.security.access.expression.method.DefaultMethodSecurityExpressionHandler] is not eligible for getting processed by all BeanPostProcessors (for example: not eligible for auto-proxying)
2020-04-08 20:59:53.762  INFO 6964 --- [restartedMain] trationDelegate$BeanPostProcessorChecker : Bean 'org.springframework.security.config.annotation.method.configuration.GlobalMethodSecurityConfiguration' of type [org.springframework.security.config.annotation.method.configuration.GlobalMethodSecurityConfiguration] is not eligible for getting processed by all BeanPostProcessors (for example: not eligible for auto-proxying)
2020-04-08 20:59:53.764  INFO 6964 --- [restartedMain] trationDelegate$BeanPostProcessorChecker : Bean 'methodSecurityMetadataSource' of type [org.springframework.security.access.method.DelegatingMethodSecurityMetadataSource] is not eligible for getting processed by all BeanPostProcessors (for example: not eligible for auto-proxying)
2020-04-08 20:59:54.247  INFO 6964 --- [restartedMain] o.s.b.w.embedded.tomcat.TomcatWebServer  : Tomcat initialized with port(s): 9090 (http)
2020-04-08 20:59:54.248  INFO 6964 --- [restartedMain] o.apache.catalina.core.StandardService   : Starting service [Tomcat]
2020-04-08 20:59:54.248  INFO 6964 --- [restartedMain] org.apache.catalina.core.StandardEngine  : Starting Servlet engine: [Apache Tomcat/9.0.33]
2020-04-08 20:59:54.487  INFO 6964 --- [restartedMain] o.a.c.c.C.[Tomcat].[localhost].[/]       : Initializing Spring embedded WebApplicationContext
2020-04-08 20:59:54.487  INFO 6964 --- [restartedMain] o.s.web.context.ContextLoader            : Root WebApplicationContext: initialization completed in 1538 ms
2020-04-08 20:59:54.519  INFO 6964 --- [restartedMain] com.zaxxer.hikari.HikariDataSource       : HikariPool-3 - Starting...
2020-04-08 20:59:54.522  INFO 6964 --- [restartedMain] com.zaxxer.hikari.HikariDataSource       : HikariPool-3 - Start completed.
2020-04-08 20:59:54.522  INFO 6964 --- [restartedMain] o.s.b.a.h2.H2ConsoleAutoConfiguration    : H2 console available at '/h2-console'. Database available at 'jdbc:h2:mem:testdb'
2020-04-08 20:59:54.635  INFO 6964 --- [restartedMain] o.hibernate.jpa.internal.util.LogHelper  : HHH000204: Processing PersistenceUnitInfo [name: default]
2020-04-08 20:59:54.640  INFO 6964 --- [restartedMain] org.hibernate.dialect.Dialect            : HHH000400: Using dialect: org.hibernate.dialect.H2Dialect
2020-04-08 20:59:54.760  INFO 6964 --- [restartedMain] o.h.e.t.j.p.i.JtaPlatformInitiator       : HHH000490: Using JtaPlatform implementation: [org.hibernate.engine.transaction.jta.platform.internal.NoJtaPlatform]
2020-04-08 20:59:54.761  INFO 6964 --- [restartedMain] j.LocalContainerEntityManagerFactoryBean : Initialized JPA EntityManagerFactory for persistence unit 'default'
2020-04-08 20:59:54.771  INFO 6964 --- [restartedMain] o.s.b.d.a.OptionalLiveReloadServer       : LiveReload server is running on port 35729
2020-04-08 20:59:54.916  WARN 6964 --- [restartedMain] JpaBaseConfiguration$JpaWebConfiguration : spring.jpa.open-in-view is enabled by default. Therefore, database queries may be performed during view rendering. Explicitly configure spring.jpa.open-in-view to disable this warning
2020-04-08 20:59:55.163  INFO 6964 --- [restartedMain] o.s.s.concurrent.ThreadPoolTaskExecutor  : Initializing ExecutorService 'applicationTaskExecutor'
2020-04-08 20:59:55.182  INFO 6964 --- [restartedMain] o.s.b.a.w.s.WelcomePageHandlerMapping    : Adding welcome page: class path resource [static/index.html]
2020-04-08 20:59:55.279  INFO 6964 --- [restartedMain] o.s.s.web.DefaultSecurityFilterChain     : Creating filter chain: any request, [org.springframework.security.web.context.request.async.WebAsyncManagerIntegrationFilter@66fee306, org.springframework.security.web.context.SecurityContextPersistenceFilter@54e90bd4, org.springframework.security.web.header.HeaderWriterFilter@39794883, org.springframework.security.web.authentication.logout.LogoutFilter@76846a1, org.springframework.security.web.authentication.UsernamePasswordAuthenticationFilter@3ef0e542, org.springframework.security.web.authentication.ui.DefaultLoginPageGeneratingFilter@1f51f33f, org.springframework.security.web.authentication.ui.DefaultLogoutPageGeneratingFilter@2b42b56c, org.springframework.security.web.savedrequest.RequestCacheAwareFilter@27747c48, org.springframework.security.web.servletapi.SecurityContextHolderAwareRequestFilter@54ba0575, org.springframework.security.web.authentication.AnonymousAuthenticationFilter@314dba64, org.springframework.security.web.session.SessionManagementFilter@69045481, org.springframework.security.web.access.ExceptionTranslationFilter@47768312, org.springframework.security.web.access.intercept.FilterSecurityInterceptor@69ae776f]
2020-04-08 20:59:55.392  INFO 6964 --- [restartedMain] o.s.b.a.e.web.EndpointLinksResolver      : Exposing 2 endpoint(s) beneath base path '/actuator'
2020-04-08 20:59:55.600  INFO 6964 --- [restartedMain] o.s.b.w.embedded.tomcat.TomcatWebServer  : Tomcat started on port(s): 9090 (http) with context path ''
2020-04-08 20:59:55.600  INFO 6964 --- [restartedMain] c.u.assignment.UxpAssignmentApplication  : Started UxpAssignmentApplication in 2.696 seconds (JVM running for 482.112)
2020-04-08 20:59:55.602  INFO 6964 --- [restartedMain] .ConditionEvaluationDeltaLoggingListener : Condition evaluation unchanged
2020-04-08 22:02:14.223  INFO 6964 --- [http-nio-9090-exec-2] o.a.c.c.C.[Tomcat].[localhost].[/]       : Initializing Spring DispatcherServlet 'dispatcherServlet'
2020-04-08 22:02:14.225  INFO 6964 --- [http-nio-9090-exec-2] o.s.web.servlet.DispatcherServlet        : Initializing Servlet 'dispatcherServlet'
2020-04-08 22:02:14.267  INFO 6964 --- [http-nio-9090-exec-2] o.s.web.servlet.DispatcherServlet        : Completed initialization in 42 ms
2020-04-08 22:08:48.739  INFO 6964 --- [http-nio-9090-exec-2] c.u.a.c.UserOperationController          : UserOperationController:: All User 
2020-04-08 22:08:48.752  INFO 6964 --- [http-nio-9090-exec-1] c.u.a.c.UserOperationController          : UserOperationController:: User Details :: By- Admin
2020-04-08 22:09:23.294  INFO 6964 --- [http-nio-9090-exec-8] c.u.a.c.UserOperationController          : UserOperationController:: User Details :: By- Admin
2020-04-08 22:09:23.295  INFO 6964 --- [http-nio-9090-exec-9] c.u.a.c.UserOperationController          : UserOperationController:: All User 
2020-04-08 22:09:23.399  INFO 6964 --- [http-nio-9090-exec-4] c.u.a.c.UserOperationController          : UserOperationController::createUser   CreateUSer(ID=null, isActive=null, userName=suraj, email=Suawasthi@gmail.com, password=suawasti, role=ADMIN)
2020-04-08 22:09:23.490  INFO 6964 --- [http-nio-9090-exec-4] c.u.a.c.UserOperationController          : UserOperationController::createUser :: user added sucessfully with username suraj
